  decode.c
c:\users\danisjiang\source\repos\danisjiang\huffmancompression\huffmancompression\global.h(13): error C2061: 语法错误: 标识符“PNode”
c:\users\danisjiang\source\repos\danisjiang\huffmancompression\huffmancompression\global.h(14): error C2061: 语法错误: 标识符“RChild”
c:\users\danisjiang\source\repos\danisjiang\huffmancompression\huffmancompression\global.h(14): error C2059: 语法错误:“;”
c:\users\danisjiang\source\repos\danisjiang\huffmancompression\huffmancompression\global.h(15): error C2059: 语法错误:“}”
  encode.c
c:\users\danisjiang\source\repos\danisjiang\huffmancompression\huffmancompression\global.h(13): error C2061: 语法错误: 标识符“PNode”
c:\users\danisjiang\source\repos\danisjiang\huffmancompression\huffmancompression\global.h(14): error C2061: 语法错误: 标识符“RChild”
c:\users\danisjiang\source\repos\danisjiang\huffmancompression\huffmancompression\global.h(14): error C2059: 语法错误:“;”
c:\users\danisjiang\source\repos\danisjiang\huffmancompression\huffmancompression\global.h(15): error C2059: 语法错误:“}”
c:\users\danisjiang\source\repos\danisjiang\huffmancompression\huffmancompression\frequencyanalysis.h(6): error C2143: 语法错误: 缺少“{”(在“*”的前面)
c:\users\danisjiang\source\repos\danisjiang\huffmancompression\huffmancompression\frequencyanalysis.h(8): error C2143: 语法错误: 缺少“{”(在“*”的前面)
c:\users\danisjiang\source\repos\danisjiang\huffmancompression\huffmancompression\frequencyanalysis.h(8): error C2143: 语法错误: 缺少“)”(在“*”的前面)
c:\users\danisjiang\source\repos\danisjiang\huffmancompression\huffmancompression\frequencyanalysis.h(8): error C2059: 语法错误:“)”
c:\users\danisjiang\source\repos\danisjiang\huffmancompression\huffmancompression\encode.c(46): error C2065: “PNode”: 未声明的标识符
c:\users\danisjiang\source\repos\danisjiang\huffmancompression\huffmancompression\encode.c(46): error C2065: “PNodeArray”: 未声明的标识符
c:\users\danisjiang\source\repos\danisjiang\huffmancompression\huffmancompression\encode.c(46): warning C4047: “=”:“int”与“int *”的间接级别不同
c:\users\danisjiang\source\repos\danisjiang\huffmancompression\huffmancompression\encode.c(46): error C2106: “=”: 左操作数必须为左值
c:\users\danisjiang\source\repos\danisjiang\huffmancompression\huffmancompression\encode.c(48): error C2065: “PNodeArray”: 未声明的标识符
c:\users\danisjiang\source\repos\danisjiang\huffmancompression\huffmancompression\encode.c(48): error C2109: 下标要求数组或指针类型
c:\users\danisjiang\source\repos\danisjiang\huffmancompression\huffmancompression\encode.c(50): error C2065: “PNodeArray”: 未声明的标识符
c:\users\danisjiang\source\repos\danisjiang\huffmancompression\huffmancompression\encode.c(50): error C2109: 下标要求数组或指针类型
c:\users\danisjiang\source\repos\danisjiang\huffmancompression\huffmancompression\encode.c(50): warning C4473: “printf”: 没有为格式字符串传递足够的参数
  c:\users\danisjiang\source\repos\danisjiang\huffmancompression\huffmancompression\encode.c(50): note: 占位符和其参数预计 2 可变参数，但提供的却是 0 参数
  c:\users\danisjiang\source\repos\danisjiang\huffmancompression\huffmancompression\encode.c(50): note: 缺失的可变参数 1 为格式字符串“%c”所需
  FrequencyAnalysis.c
c:\users\danisjiang\source\repos\danisjiang\huffmancompression\huffmancompression\global.h(13): error C2061: 语法错误: 标识符“PNode”
c:\users\danisjiang\source\repos\danisjiang\huffmancompression\huffmancompression\global.h(14): error C2061: 语法错误: 标识符“RChild”
c:\users\danisjiang\source\repos\danisjiang\huffmancompression\huffmancompression\global.h(14): error C2059: 语法错误:“;”
c:\users\danisjiang\source\repos\danisjiang\huffmancompression\huffmancompression\global.h(15): error C2059: 语法错误:“}”
c:\users\danisjiang\source\repos\danisjiang\huffmancompression\huffmancompression\frequencyanalysis.h(6): error C2143: 语法错误: 缺少“{”(在“*”的前面)
c:\users\danisjiang\source\repos\danisjiang\huffmancompression\huffmancompression\frequencyanalysis.h(8): error C2143: 语法错误: 缺少“{”(在“*”的前面)
c:\users\danisjiang\source\repos\danisjiang\huffmancompression\huffmancompression\frequencyanalysis.h(8): error C2143: 语法错误: 缺少“)”(在“*”的前面)
c:\users\danisjiang\source\repos\danisjiang\huffmancompression\huffmancompression\frequencyanalysis.h(8): error C2059: 语法错误:“)”
c:\users\danisjiang\source\repos\danisjiang\huffmancompression\huffmancompression\frequencyanalysis.c(35): error C2143: 语法错误: 缺少“{”(在“*”的前面)
c:\users\danisjiang\source\repos\danisjiang\huffmancompression\huffmancompression\frequencyanalysis.c(37): error C2065: “PNode”: 未声明的标识符
c:\users\danisjiang\source\repos\danisjiang\huffmancompression\huffmancompression\frequencyanalysis.c(37): error C2297: “*”: 非法，右操作数包含“int *”类型
c:\users\danisjiang\source\repos\danisjiang\huffmancompression\huffmancompression\frequencyanalysis.c(43): error C2065: “PNode”: 未声明的标识符
c:\users\danisjiang\source\repos\danisjiang\huffmancompression\huffmancompression\frequencyanalysis.c(44): error C2065: “Node”: 未声明的标识符
c:\users\danisjiang\source\repos\danisjiang\huffmancompression\huffmancompression\frequencyanalysis.c(44): warning C4047: “=”:“int”与“void *”的间接级别不同
c:\users\danisjiang\source\repos\danisjiang\huffmancompression\huffmancompression\frequencyanalysis.c(45): error C2223: “->value”的左侧必须指向结构/联合
c:\users\danisjiang\source\repos\danisjiang\huffmancompression\huffmancompression\frequencyanalysis.c(46): error C2223: “->weight”的左侧必须指向结构/联合
c:\users\danisjiang\source\repos\danisjiang\huffmancompression\huffmancompression\frequencyanalysis.c(49): error C2065: “PNode”: 未声明的标识符
c:\users\danisjiang\source\repos\danisjiang\huffmancompression\huffmancompression\frequencyanalysis.c(50): warning C4047: “=”:“int”与“void *”的间接级别不同
c:\users\danisjiang\source\repos\danisjiang\huffmancompression\huffmancompression\frequencyanalysis.c(64): error C2143: 语法错误: 缺少“{”(在“*”的前面)
c:\users\danisjiang\source\repos\danisjiang\huffmancompression\huffmancompression\frequencyanalysis.c(64): error C2143: 语法错误: 缺少“)”(在“*”的前面)
c:\users\danisjiang\source\repos\danisjiang\huffmancompression\huffmancompression\frequencyanalysis.c(64): error C2059: 语法错误:“)”
c:\users\danisjiang\source\repos\danisjiang\huffmancompression\huffmancompression\frequencyanalysis.c(65): error C2054: 在“a”之后应输入“(”
  HuffmanTree.c
  main.c
c:\users\danisjiang\source\repos\danisjiang\huffmancompression\huffmancompression\global.h(13): error C2061: 语法错误: 标识符“PNode”
c:\users\danisjiang\source\repos\danisjiang\huffmancompression\huffmancompression\global.h(14): error C2061: 语法错误: 标识符“RChild”
c:\users\danisjiang\source\repos\danisjiang\huffmancompression\huffmancompression\global.h(14): error C2059: 语法错误:“;”
c:\users\danisjiang\source\repos\danisjiang\huffmancompression\huffmancompression\global.h(15): error C2059: 语法错误:“}”
c:\users\danisjiang\source\repos\danisjiang\huffmancompression\huffmancompression\main.c(38): warning C4129: “H”: 不可识别的字符转义序列
  正在生成代码...
